
P A U P *
Version 4.0a (build 169) for 32-bit Microsoft Windows (built on Feb 10 2021 at 22:12:44)
Sun Mar 26 13:25:47 2023


paup> execute 'Hasil bersih najas3.nexus';

Processing of file "E:\DATA\Desktop\OC142\Hasil bersih najas3.nexus" begins...

Data read in DNA format

Data matrix has 8 taxa, 655 characters
Valid character-state symbols: ACGT
Missing data identified by '?'
Gaps identified by '-'
"Equate" macros in effect:
   R,r ==> {AG}
   Y,y ==> {CT}
   M,m ==> {AC}
   K,k ==> {GT}
   S,s ==> {CG}
   W,w ==> {AT}
   H,h ==> {ACT}
   B,b ==> {CGT}
   V,v ==> {ACG}
   D,d ==> {AGT}
   N,n ==> {ACGT}
Character-state symbol '.' matches state in first taxon

Processing of input file "Hasil bersih najas3.nexus" completed.

paup> outgroup 'MZ827035 Bungarus caeruleus isolate ZSI SRC R-631';

Outgroup status changed:
  1 taxon transferred to outgroup
  Total number of taxa now in outgroup = 1
  Number of ingroup taxa = 7

paup> nj;

Neighbor-joining search settings:
  Ties (if encountered) will be broken systematically
  Distance measure = uncorrected ("p")
  655 characters are included
  All characters have equal weight
  (Tree is unrooted)

Neighbor-joining tree:

                                                                                                              / MT215095 Naja naja voucher DUZM
                                                                                                              |
                                                                                                              + MK941841 Naja naja voucher ZMUVA
                                                                                                              |
                                                                                                            /-+ OM037657 Naja naja voucher ZMUVA
                                                                                                            | |
                                                            /-----------------------------------------------+ \ MT215096 Naja naja voucher DUZM
                                                            |                                               |
                                                            |                                               \- MT215097 Naja naja voucher DUZM
/-----------------------------------------------------------+
|                                                           |                    /---------------------------------- MZ045941 Naja nigricollis vouche
|                                                           \--------------------+
|                                                                                \----------------------------------- MT348390 Naja kaouthia voucher M
|
\-------------------------------------------------------------------------------------------------------------------- MZ827035 Bungarus caeruleus isol

Tree found by neighbor-joining method stored in tree buffer
Note: Ties were encountered; neighbor-joining tree may not be unique
Time used for tree calculation = 0.01 sec (CPU time = 0.00 sec)

paup> rateset genes=1:1-655;

paup> lset tratio=estimate rmatrix=estimate nst=6 basefreq=estimate rates=siteSpec siterates=rateset:genes shape=estimate pinvar=estimate;

paup> automodel modelset=j11 aic=yes aicc=yes bic=yes; ;

Evaluating models for tree 1:

                                     ----- K -----
     #  Model                 -lnL   subst   total             AIC            AICc             BIC
--------------------------------------------------------------------------------------------------
     1  JC                1682.358       0      13        3390.716        3391.284        3449.016
     2  JC+I              1673.111       1      14        3374.222        3374.878        3437.007
     3  JC+G              1673.134       1      14        3374.269        3374.925        3437.053
     4  JC+I+G            1673.111       2      15        3376.222        3376.973        3443.492
     5  F81               1659.878       3      16        3351.756        3352.609        3423.511
     6  F81+I             1650.014       4      17        3334.028        3334.988        3410.266
     7  F81+G             1650.048       4      17        3334.095        3335.056        3410.334
     8  F81+I+G           1650.014       5      18        3336.028        3337.103        3416.751
     9  K80               1629.381       1      14        3286.763        3287.419        3349.548
    10  K80+I             1611.098       2      15        3252.196        3252.947        3319.465
    11  K80+G             1611.128       2      15        3252.255        3253.007        3319.525
    12  K80+I+G           1611.098       3      16        3254.196        3255.049        3325.950
    13  HKY               1609.618       4      17        3253.236        3254.196        3329.474
    14  HKY+I             1589.792       5      18        3215.583        3216.659        3296.307
    15  HKY+G             1589.023       5      18        3214.046        3215.121        3294.769
    16  HKY+I+G           1588.902       6      19        3215.805        3217.001        3301.013
    17  TrNef             1628.663       2      15        3287.326        3288.077        3354.596
    18  TrNef+I           1610.658       3      16        3253.316        3254.169        3325.071
    19  TrNef+G           1611.115       3      16        3254.230        3255.083        3325.984
    20  TrNef+I+G         1610.658       4      17        3255.316        3256.277        3331.555
    21  TrN               1609.302       5      18        3254.603        3255.679        3335.327
    22  TrN+I             1585.854       6      19        3209.708        3210.904        3294.916
    23  TrN+G             1587.469       6      19        3212.939        3214.135        3298.147
    24  TrN+I+G           1585.854       7      20        3211.708        3213.033        3301.400
    25  K81               1629.027       2      15        3288.054        3288.805        3355.323
    26  K81+I             1611.071       3      16        3254.141        3254.994        3325.896
    27  K81+G             1611.074       3      16        3254.148        3255.000        3325.902
    28  K81+I+G           1611.071       4      17        3256.141        3257.102        3332.380
    29  K81uf             1609.271       5      18        3254.542        3255.618        3335.266
    30  K81uf+I           1589.716       6      19        3217.432        3218.629        3302.640
    31  K81uf+G           1588.940       6      19        3215.879        3217.076        3301.087
    32  K81uf+I+G         1588.812       7      20        3217.624        3218.949        3307.317
    33  TPM2              1618.352       2      15        3266.705        3267.456        3333.974
    34  TPM2+I            1603.837       3      16        3239.674        3240.526        3311.428
    35  TPM2+G            1603.908       3      16        3239.817        3240.669        3311.571
    36  TPM2+I+G          1603.837       4      17        3241.674        3242.635        3317.913
    37  TPM2uf            1601.820       5      18        3239.639        3240.715        3320.363
    38  TPM2uf+I          1585.985       6      19        3209.970        3211.167        3295.178
    39  TPM2uf+G          1585.498       6      19        3208.996        3210.193        3294.205
    40  TPM2uf+I+G        1585.410       7      20        3210.820        3212.145        3300.513
    41  TPM3              1629.376       2      15        3288.752        3289.503        3356.021
    42  TPM3+I            1611.044       3      16        3254.087        3254.940        3325.842
    43  TPM3+G            1611.065       3      16        3254.130        3254.982        3325.884
    44  TPM3+I+G          1611.043       4      17        3256.087        3257.047        3332.325
    45  TPM3uf            1609.618       5      18        3255.236        3256.311        3335.959
    46  TPM3uf+I          1589.770       6      19        3217.541        3218.738        3302.749
    47  TPM3uf+G          1589.011       6      19        3216.023        3217.220        3301.231
    48  TPM3uf+I+G        1588.891       7      20        3217.783        3219.108        3307.475
    49  TIMef             1628.307       3      16        3288.614        3289.467        3360.368
    50  TIMef+I           1610.638       4      17        3255.277        3256.238        3331.516
    51  TIMef+G           1611.060       4      17        3256.120        3257.080        3332.358
    52  TIMef+I+G         1610.638       5      18        3257.277        3258.352        3338.000
    53  TIM               1608.957       6      19        3255.915        3257.111        3341.123
    54  TIM+I             1585.797       7      20        3211.595        3212.920        3301.288
    55  TIM+G             1587.387       7      20        3214.773        3216.098        3304.466
    56  TIM+I+G           1585.797       8      21        3213.595        3215.055        3307.772
    57  TIM2ef            1617.635       3      16        3267.270        3268.122        3339.024
    58  TIM2ef+I          1603.710       4      17        3241.419        3242.380        3317.658
    59  TIM2ef+G          1603.470       4      17        3240.940        3241.900        3317.178
    60  TIM2ef+I+G        1603.404       5      18        3242.808        3243.883        3323.531
    61  TIM2              1601.516       6      19        3241.032        3242.229        3326.240
    62  TIM2+I            1583.836       7      20        3207.672        3208.997        3297.365
    63  TIM2+G            1584.835       7      20        3209.670        3210.995        3299.363
    64  TIM2+I+G          1583.836       8      21        3209.672        3211.132        3303.850
    65  TIM3ef            1628.657       3      16        3289.315        3290.168        3361.069
    66  TIM3ef+I          1610.618       4      17        3255.236        3256.197        3331.475
    67  TIM3ef+G          1611.051       4      17        3256.103        3257.064        3332.342
    68  TIM3ef+I+G        1610.618       5      18        3257.236        3258.311        3337.959
    69  TIM3              1609.302       6      19        3256.603        3257.800        3341.811
    70  TIM3+I            1585.842       7      20        3211.685        3213.010        3301.377
    71  TIM3+G            1587.451       7      20        3214.902        3216.227        3304.595
    72  TIM3+I+G          1585.842       8      21        3213.685        3215.144        3307.862
    73  TVMef             1617.988       4      17        3269.977        3270.937        3346.215
    74  TVMef+I           1603.542       5      18        3243.084        3244.159        3323.807
    75  TVMef+G           1603.647       5      18        3243.295        3244.370        3324.018
    76  TVMef+I+G         1603.542       6      19        3245.084        3246.280        3330.292
    77  TVM               1601.457       7      20        3242.913        3244.238        3332.606
    78  TVM+I             1585.668       8      21        3213.335        3214.795        3307.512
    79  TVM+G             1585.232       8      21        3212.464        3213.923        3306.641
    80  TVM+I+G           1585.159       9      22        3214.318        3215.919        3312.980
    81  SYM               1617.290       5      18        3270.579        3271.655        3351.303
    82  SYM+I             1603.397       6      19        3244.795        3245.991        3330.003
    83  SYM+G             1603.183       6      19        3244.365        3245.562        3329.573
    84  SYM+I+G           1603.132       7      20        3246.265        3247.590        3335.958
    85  GTR               1601.142       8      21        3244.284        3245.744        3338.461
    86  GTR+I             1583.658       9      22        3211.316        3212.917        3309.978
    87  GTR+G             1584.631       9      22        3213.263        3214.864        3311.924
    88  GTR+I+G           1583.658      10      23        3213.316        3215.065        3316.462

Model selection results for AIC:

                                                                     delta         AIC     cumul
     #  Model                 -lnL       K             AIC             AIC      weight    weight
------------------------------------------------------------------------------------------------
    62  TIM2+I            1583.836      20        3207.672           0.000      0.2283    0.2283
    39  TPM2uf+G          1585.498      19        3208.996           1.324      0.1177    0.3460
    63  TIM2+G            1584.835      20        3209.670           1.998      0.0841    0.4301
    64  TIM2+I+G          1583.836      21        3209.672           2.000      0.0840    0.5141
    22  TrN+I             1585.854      19        3209.708           2.035      0.0825    0.5966
    38  TPM2uf+I          1585.985      19        3209.970           2.298      0.0724    0.6690
    40  TPM2uf+I+G        1585.410      20        3210.820           3.148      0.0473    0.7163
    86  GTR+I             1583.658      22        3211.316           3.644      0.0369    0.7532
    54  TIM+I             1585.797      20        3211.595           3.923      0.0321    0.7853
    70  TIM3+I            1585.842      20        3211.685           4.012      0.0307    0.8160
    24  TrN+I+G           1585.854      20        3211.708           4.035      0.0304    0.8464
    79  TVM+G             1585.232      21        3212.464           4.792      0.0208    0.8672
    23  TrN+G             1587.469      19        3212.939           5.266      0.0164    0.8836
    87  GTR+G             1584.631      22        3213.263           5.590      0.0139    0.8975
    88  GTR+I+G           1583.658      23        3213.316           5.644      0.0136    0.9111
    78  TVM+I             1585.668      21        3213.335           5.663      0.0135    0.9246
    56  TIM+I+G           1585.797      21        3213.595           5.923      0.0118    0.9364
    72  TIM3+I+G          1585.842      21        3213.685           6.012      0.0113    0.9477
    15  HKY+G             1589.023      18        3214.046           6.374      0.0094    0.9571
    80  TVM+I+G           1585.159      22        3214.318           6.646      0.0082    0.9653
    55  TIM+G             1587.387      20        3214.773           7.101      0.0066    0.9719
    71  TIM3+G            1587.451      20        3214.902           7.230      0.0061    0.9780
    14  HKY+I             1589.792      18        3215.583           7.911      0.0044    0.9824
    16  HKY+I+G           1588.902      19        3215.805           8.132      0.0039    0.9863
    31  K81uf+G           1588.940      19        3215.879           8.207      0.0038    0.9901
    47  TPM3uf+G          1589.011      19        3216.023           8.351      0.0035    0.9936
    30  K81uf+I           1589.716      19        3217.432           9.760      0.0017    0.9953
    46  TPM3uf+I          1589.770      19        3217.541           9.869      0.0016    0.9970
    32  K81uf+I+G         1588.812      20        3217.624           9.952      0.0016    0.9985
    48  TPM3uf+I+G        1588.891      20        3217.783          10.111      0.0015    1.0000
    37  TPM2uf            1601.820      18        3239.639          31.967   2.61e-008    1.0000
    34  TPM2+I            1603.837      16        3239.674          32.002   2.57e-008    1.0000
    35  TPM2+G            1603.908      16        3239.817          32.145   2.39e-008    1.0000
    59  TIM2ef+G          1603.470      17        3240.940          33.267   1.36e-008    1.0000
    61  TIM2              1601.516      19        3241.032          33.360   1.30e-008    1.0000
    58  TIM2ef+I          1603.710      17        3241.419          33.747   1.07e-008    1.0000
    36  TPM2+I+G          1603.837      17        3241.674          34.002   9.44e-009    1.0000
    60  TIM2ef+I+G        1603.404      18        3242.808          35.136   5.36e-009    1.0000
    77  TVM               1601.457      20        3242.913          35.241   5.08e-009    1.0000
    74  TVMef+I           1603.542      18        3243.084          35.411   4.67e-009    1.0000
    75  TVMef+G           1603.647      18        3243.295          35.622   4.20e-009    1.0000
    85  GTR               1601.142      21        3244.284          36.612   2.56e-009    1.0000
    83  SYM+G             1603.183      19        3244.365          36.693   2.46e-009    1.0000
    82  SYM+I             1603.397      19        3244.795          37.122   1.98e-009    1.0000
    76  TVMef+I+G         1603.542      19        3245.084          37.411   1.72e-009    1.0000
    84  SYM+I+G           1603.132      20        3246.265          38.593   9.51e-010    1.0000
    10  K80+I             1611.098      15        3252.196          44.524   4.90e-011    1.0000
    11  K80+G             1611.128      15        3252.255          44.583   4.76e-011    1.0000
    13  HKY               1609.618      17        3253.236          45.563   2.91e-011    1.0000
    18  TrNef+I           1610.658      16        3253.316          45.644   2.80e-011    1.0000
    42  TPM3+I            1611.044      16        3254.087          46.415   1.90e-011    1.0000
    43  TPM3+G            1611.065      16        3254.130          46.457   1.86e-011    1.0000
    26  K81+I             1611.071      16        3254.141          46.469   1.85e-011    1.0000
    27  K81+G             1611.074      16        3254.148          46.476   1.85e-011    1.0000
    12  K80+I+G           1611.098      16        3254.196          46.524   1.80e-011    1.0000
    19  TrNef+G           1611.115      16        3254.230          46.558   1.77e-011    1.0000
    29  K81uf             1609.271      18        3254.542          46.870   1.52e-011    1.0000
    21  TrN               1609.302      18        3254.603          46.931   1.47e-011    1.0000
    45  TPM3uf            1609.618      18        3255.236          47.563   1.07e-011    1.0000
    66  TIM3ef+I          1610.618      17        3255.236          47.564   1.07e-011    1.0000
    50  TIMef+I           1610.638      17        3255.277          47.605   1.05e-011    1.0000
    20  TrNef+I+G         1610.658      17        3255.316          47.644   1.03e-011    1.0000
    53  TIM               1608.957      19        3255.915          48.242   7.63e-012    1.0000
    44  TPM3+I+G          1611.043      17        3256.087          48.415   7.01e-012    1.0000
    67  TIM3ef+G          1611.051      17        3256.103          48.431   6.95e-012    1.0000
    51  TIMef+G           1611.060      17        3256.120          48.447   6.89e-012    1.0000
    28  K81+I+G           1611.071      17        3256.141          48.469   6.82e-012    1.0000
    69  TIM3              1609.302      19        3256.603          48.931   5.41e-012    1.0000
    68  TIM3ef+I+G        1610.618      18        3257.236          49.563   3.94e-012    1.0000
    52  TIMef+I+G         1610.638      18        3257.277          49.605   3.86e-012    1.0000
    33  TPM2              1618.352      15        3266.705          59.033   3.47e-014    1.0000
    57  TIM2ef            1617.635      16        3267.270          59.598   2.61e-014    1.0000
    73  TVMef             1617.988      17        3269.977          62.304   6.75e-015    1.0000
    81  SYM               1617.290      18        3270.579          62.907   4.99e-015    1.0000
     9  K80               1629.381      14        3286.763          79.091   1.53e-018    1.0000
    17  TrNef             1628.663      15        3287.326          79.654   1.15e-018    1.0000
    25  K81               1629.027      15        3288.054          80.381   8.01e-019    1.0000
    49  TIMef             1628.307      16        3288.614          80.942   6.06e-019    1.0000
    41  TPM3              1629.376      15        3288.752          81.080   5.65e-019    1.0000
    65  TIM3ef            1628.657      16        3289.315          81.643   4.27e-019    1.0000
     6  F81+I             1650.014      17        3334.028         126.355   8.33e-029    1.0000
     7  F81+G             1650.048      17        3334.095         126.423   8.05e-029    1.0000
     8  F81+I+G           1650.014      18        3336.028         128.355   3.07e-029    1.0000
     5  F81               1659.878      16        3351.756         144.084   1.18e-032    1.0000
     2  JC+I              1673.111      14        3374.222         166.550   1.56e-037    1.0000
     3  JC+G              1673.134      14        3374.269         166.596   1.52e-037    1.0000
     4  JC+I+G            1673.111      15        3376.222         168.550   5.73e-038    1.0000
     1  JC                1682.358      13        3390.716         183.044   4.08e-041    1.0000

Model selection results for AICc:

                                                                     delta        AICc     cumul
     #  Model                 -lnL       K            AICc            AICc      weight    weight
------------------------------------------------------------------------------------------------
    62  TIM2+I            1583.836      20        3208.997           0.000      0.2277    0.2277
    39  TPM2uf+G          1585.498      19        3210.193           1.196      0.1252    0.3530
    22  TrN+I             1585.854      19        3210.904           1.907      0.0877    0.4407
    63  TIM2+G            1584.835      20        3210.995           1.998      0.0839    0.5246
    64  TIM2+I+G          1583.836      21        3211.132           2.135      0.0783    0.6029
    38  TPM2uf+I          1585.985      19        3211.167           2.170      0.0770    0.6798
    40  TPM2uf+I+G        1585.410      20        3212.145           3.148      0.0472    0.7270
    86  GTR+I             1583.658      22        3212.917           3.920      0.0321    0.7591
    54  TIM+I             1585.797      20        3212.920           3.923      0.0320    0.7911
    70  TIM3+I            1585.842      20        3213.010           4.012      0.0306    0.8218
    24  TrN+I+G           1585.854      20        3213.033           4.035      0.0303    0.8521
    79  TVM+G             1585.232      21        3213.923           4.926      0.0194    0.8715
    23  TrN+G             1587.469      19        3214.135           5.138      0.0174    0.8889
    78  TVM+I             1585.668      21        3214.795           5.798      0.0125    0.9014
    87  GTR+G             1584.631      22        3214.864           5.867      0.0121    0.9136
    56  TIM+I+G           1585.797      21        3215.055           6.057      0.0110    0.9246
    88  GTR+I+G           1583.658      23        3215.065           6.068      0.0110    0.9355
    15  HKY+G             1589.023      18        3215.121           6.124      0.0107    0.9462
    72  TIM3+I+G          1585.842      21        3215.144           6.147      0.0105    0.9567
    80  TVM+I+G           1585.159      22        3215.919           6.922      0.0071    0.9639
    55  TIM+G             1587.387      20        3216.098           7.101      0.0065    0.9704
    71  TIM3+G            1587.451      20        3216.227           7.230      0.0061    0.9765
    14  HKY+I             1589.792      18        3216.659           7.662      0.0049    0.9815
    16  HKY+I+G           1588.902      19        3217.001           8.004      0.0042    0.9856
    31  K81uf+G           1588.940      19        3217.076           8.079      0.0040    0.9897
    47  TPM3uf+G          1589.011      19        3217.220           8.223      0.0037    0.9934
    30  K81uf+I           1589.716      19        3218.629           9.632      0.0018    0.9952
    46  TPM3uf+I          1589.770      19        3218.738           9.741      0.0017    0.9970
    32  K81uf+I+G         1588.812      20        3218.949           9.952      0.0016    0.9985
    48  TPM3uf+I+G        1588.891      20        3219.108          10.111      0.0015    1.0000
    34  TPM2+I            1603.837      16        3240.526          31.529   3.24e-008    1.0000
    35  TPM2+G            1603.908      16        3240.669          31.672   3.02e-008    1.0000
    37  TPM2uf            1601.820      18        3240.715          31.718   2.95e-008    1.0000
    59  TIM2ef+G          1603.470      17        3241.900          32.903   1.63e-008    1.0000
    61  TIM2              1601.516      19        3242.229          33.232   1.38e-008    1.0000
    58  TIM2ef+I          1603.710      17        3242.380          33.383   1.28e-008    1.0000
    36  TPM2+I+G          1603.837      17        3242.635          33.637   1.13e-008    1.0000
    60  TIM2ef+I+G        1603.404      18        3243.883          34.886   6.05e-009    1.0000
    74  TVMef+I           1603.542      18        3244.159          35.162   5.27e-009    1.0000
    77  TVM               1601.457      20        3244.238          35.241   5.07e-009    1.0000
    75  TVMef+G           1603.647      18        3244.370          35.373   4.75e-009    1.0000
    83  SYM+G             1603.183      19        3245.562          36.565   2.61e-009    1.0000
    85  GTR               1601.142      21        3245.744          36.746   2.39e-009    1.0000
    82  SYM+I             1603.397      19        3245.991          36.994   2.11e-009    1.0000
    76  TVMef+I+G         1603.542      19        3246.280          37.283   1.83e-009    1.0000
    84  SYM+I+G           1603.132      20        3247.590          38.593   9.49e-010    1.0000
    10  K80+I             1611.098      15        3252.947          43.950   6.51e-011    1.0000
    11  K80+G             1611.128      15        3253.007          44.010   6.32e-011    1.0000
    18  TrNef+I           1610.658      16        3254.169          45.172   3.54e-011    1.0000
    13  HKY               1609.618      17        3254.196          45.199   3.49e-011    1.0000
    42  TPM3+I            1611.044      16        3254.940          45.943   2.40e-011    1.0000
    43  TPM3+G            1611.065      16        3254.982          45.985   2.35e-011    1.0000
    26  K81+I             1611.071      16        3254.994          45.997   2.34e-011    1.0000
    27  K81+G             1611.074      16        3255.000          46.003   2.33e-011    1.0000
    12  K80+I+G           1611.098      16        3255.049          46.052   2.28e-011    1.0000
    19  TrNef+G           1611.115      16        3255.083          46.085   2.24e-011    1.0000
    29  K81uf             1609.271      18        3255.618          46.621   1.71e-011    1.0000
    21  TrN               1609.302      18        3255.679          46.682   1.66e-011    1.0000
    66  TIM3ef+I          1610.618      17        3256.197          47.199   1.28e-011    1.0000
    50  TIMef+I           1610.638      17        3256.238          47.241   1.26e-011    1.0000
    20  TrNef+I+G         1610.658      17        3256.277          47.280   1.23e-011    1.0000
    45  TPM3uf            1609.618      18        3256.311          47.314   1.21e-011    1.0000
    44  TPM3+I+G          1611.043      17        3257.047          48.050   8.38e-012    1.0000
    67  TIM3ef+G          1611.051      17        3257.064          48.067   8.32e-012    1.0000
    51  TIMef+G           1611.060      17        3257.080          48.083   8.25e-012    1.0000
    28  K81+I+G           1611.071      17        3257.102          48.105   8.16e-012    1.0000
    53  TIM               1608.957      19        3257.111          48.114   8.12e-012    1.0000
    69  TIM3              1609.302      19        3257.800          48.803   5.75e-012    1.0000
    68  TIM3ef+I+G        1610.618      18        3258.311          49.314   4.46e-012    1.0000
    52  TIMef+I+G         1610.638      18        3258.352          49.355   4.37e-012    1.0000
    33  TPM2              1618.352      15        3267.456          58.459   4.61e-014    1.0000
    57  TIM2ef            1617.635      16        3268.122          59.125   3.30e-014    1.0000
    73  TVMef             1617.988      17        3270.937          61.940   8.08e-015    1.0000
    81  SYM               1617.290      18        3271.655          62.658   5.64e-015    1.0000
     9  K80               1629.381      14        3287.419          78.422   2.13e-018    1.0000
    17  TrNef             1628.663      15        3288.077          79.080   1.53e-018    1.0000
    25  K81               1629.027      15        3288.805          79.808   1.07e-018    1.0000
    49  TIMef             1628.307      16        3289.467          80.470   7.65e-019    1.0000
    41  TPM3              1629.376      15        3289.503          80.506   7.51e-019    1.0000
    65  TIM3ef            1628.657      16        3290.168          81.170   5.39e-019    1.0000
     6  F81+I             1650.014      17        3334.988         125.991   9.97e-029    1.0000
     7  F81+G             1650.048      17        3335.056         126.059   9.64e-029    1.0000
     8  F81+I+G           1650.014      18        3337.103         128.106   3.46e-029    1.0000
     5  F81               1659.878      16        3352.609         143.612   1.49e-032    1.0000
     2  JC+I              1673.111      14        3374.878         165.881   2.17e-037    1.0000
     3  JC+G              1673.134      14        3374.925         165.928   2.12e-037    1.0000
     4  JC+I+G            1673.111      15        3376.973         167.976   7.62e-038    1.0000
     1  JC                1682.358      13        3391.284         182.286   5.95e-041    1.0000

Model selection results for BIC:

                                                                     delta         BIC     cumul
     #  Model                 -lnL       K             BIC             BIC      weight    weight
------------------------------------------------------------------------------------------------
    39  TPM2uf+G          1585.498      19        3294.205           0.000      0.2428    0.2428
    15  HKY+G             1589.023      18        3294.769           0.565      0.1831    0.4258
    22  TrN+I             1585.854      19        3294.916           0.711      0.1701    0.5959
    38  TPM2uf+I          1585.985      19        3295.178           0.974      0.1492    0.7451
    14  HKY+I             1589.792      18        3296.307           2.102      0.0849    0.8300
    62  TIM2+I            1583.836      20        3297.365           3.160      0.0500    0.8800
    23  TrN+G             1587.469      19        3298.147           3.942      0.0338    0.9138
    63  TIM2+G            1584.835      20        3299.363           5.158      0.0184    0.9322
    40  TPM2uf+I+G        1585.410      20        3300.513           6.308      0.0104    0.9426
    16  HKY+I+G           1588.902      19        3301.013           6.808      0.0081    0.9506
    31  K81uf+G           1588.940      19        3301.087           6.883      0.0078    0.9584
    47  TPM3uf+G          1589.011      19        3301.231           7.026      0.0072    0.9657
    54  TIM+I             1585.797      20        3301.288           7.083      0.0070    0.9727
    70  TIM3+I            1585.842      20        3301.377           7.173      0.0067    0.9794
    24  TrN+I+G           1585.854      20        3301.400           7.196      0.0066    0.9861
    30  K81uf+I           1589.716      19        3302.640           8.436      0.0036    0.9896
    46  TPM3uf+I          1589.770      19        3302.749           8.544      0.0034    0.9930
    64  TIM2+I+G          1583.836      21        3303.850           9.645      0.0020    0.9950
    55  TIM+G             1587.387      20        3304.466          10.261      0.0014    0.9964
    71  TIM3+G            1587.451      20        3304.595          10.390      0.0013    0.9978
    79  TVM+G             1585.232      21        3306.641          12.437      0.0005    0.9982
    32  K81uf+I+G         1588.812      20        3307.317          13.113      0.0003    0.9986
    48  TPM3uf+I+G        1588.891      20        3307.475          13.271      0.0003    0.9989
    78  TVM+I             1585.668      21        3307.512          13.308      0.0003    0.9992
    56  TIM+I+G           1585.797      21        3307.772          13.568      0.0003    0.9995
    72  TIM3+I+G          1585.842      21        3307.862          13.657      0.0003    0.9998
    86  GTR+I             1583.658      22        3309.978          15.773   9.12e-005    0.9998
    34  TPM2+I            1603.837      16        3311.428          17.223   4.42e-005    0.9999
    35  TPM2+G            1603.908      16        3311.571          17.366   4.11e-005    0.9999
    87  GTR+G             1584.631      22        3311.924          17.720   3.45e-005    1.0000
    80  TVM+I+G           1585.159      22        3312.980          18.776   2.03e-005    1.0000
    88  GTR+I+G           1583.658      23        3316.462          22.258   3.56e-006    1.0000
    59  TIM2ef+G          1603.470      17        3317.178          22.974   2.49e-006    1.0000
    58  TIM2ef+I          1603.710      17        3317.658          23.453   1.96e-006    1.0000
    36  TPM2+I+G          1603.837      17        3317.913          23.708   1.73e-006    1.0000
    10  K80+I             1611.098      15        3319.465          25.261   7.94e-007    1.0000
    11  K80+G             1611.128      15        3319.525          25.320   7.71e-007    1.0000
    37  TPM2uf            1601.820      18        3320.363          26.158   5.07e-007    1.0000
    60  TIM2ef+I+G        1603.404      18        3323.531          29.327   1.04e-007    1.0000
    74  TVMef+I           1603.542      18        3323.807          29.602   9.06e-008    1.0000
    75  TVMef+G           1603.647      18        3324.018          29.813   8.15e-008    1.0000
    18  TrNef+I           1610.658      16        3325.071          30.866   4.82e-008    1.0000
    42  TPM3+I            1611.044      16        3325.842          31.637   3.28e-008    1.0000
    43  TPM3+G            1611.065      16        3325.884          31.679   3.21e-008    1.0000
    26  K81+I             1611.071      16        3325.896          31.691   3.19e-008    1.0000
    27  K81+G             1611.074      16        3325.902          31.697   3.18e-008    1.0000
    12  K80+I+G           1611.098      16        3325.950          31.746   3.10e-008    1.0000
    19  TrNef+G           1611.115      16        3325.984          31.779   3.05e-008    1.0000
    61  TIM2              1601.516      19        3326.240          32.035   2.68e-008    1.0000
    13  HKY               1609.618      17        3329.474          35.270   5.33e-009    1.0000
    83  SYM+G             1603.183      19        3329.573          35.369   5.07e-009    1.0000
    82  SYM+I             1603.397      19        3330.003          35.798   4.09e-009    1.0000
    76  TVMef+I+G         1603.542      19        3330.292          36.087   3.54e-009    1.0000
    66  TIM3ef+I          1610.618      17        3331.475          37.270   1.96e-009    1.0000
    50  TIMef+I           1610.638      17        3331.516          37.311   1.92e-009    1.0000
    20  TrNef+I+G         1610.658      17        3331.555          37.351   1.88e-009    1.0000
    44  TPM3+I+G          1611.043      17        3332.325          38.121   1.28e-009    1.0000
    67  TIM3ef+G          1611.051      17        3332.342          38.137   1.27e-009    1.0000
    51  TIMef+G           1611.060      17        3332.358          38.154   1.26e-009    1.0000
    28  K81+I+G           1611.071      17        3332.380          38.176   1.25e-009    1.0000
    77  TVM               1601.457      20        3332.606          38.401   1.11e-009    1.0000
    33  TPM2              1618.352      15        3333.974          39.770   5.61e-010    1.0000
    29  K81uf             1609.271      18        3335.266          41.061   2.94e-010    1.0000
    21  TrN               1609.302      18        3335.327          41.122   2.85e-010    1.0000
    84  SYM+I+G           1603.132      20        3335.958          41.753   2.08e-010    1.0000
    45  TPM3uf            1609.618      18        3335.959          41.754   2.08e-010    1.0000
    68  TIM3ef+I+G        1610.618      18        3337.959          43.754   7.66e-011    1.0000
    52  TIMef+I+G         1610.638      18        3338.000          43.796   7.50e-011    1.0000
    85  GTR               1601.142      21        3338.461          44.257   5.96e-011    1.0000
    57  TIM2ef            1617.635      16        3339.024          44.819   4.50e-011    1.0000
    53  TIM               1608.957      19        3341.123          46.918   1.57e-011    1.0000
    69  TIM3              1609.302      19        3341.811          47.607   1.12e-011    1.0000
    73  TVMef             1617.988      17        3346.215          52.011   1.23e-012    1.0000
     9  K80               1629.381      14        3349.548          55.343   2.33e-013    1.0000
    81  SYM               1617.290      18        3351.303          57.098   9.69e-014    1.0000
    17  TrNef             1628.663      15        3354.596          60.391   1.87e-014    1.0000
    25  K81               1629.027      15        3355.323          61.119   1.30e-014    1.0000
    41  TPM3              1629.376      15        3356.021          61.817   9.16e-015    1.0000
    49  TIMef             1628.307      16        3360.368          66.164   1.04e-015    1.0000
    65  TIM3ef            1628.657      16        3361.069          66.864   7.34e-016    1.0000
     6  F81+I             1650.014      17        3410.266         116.062   1.52e-026    1.0000
     7  F81+G             1650.048      17        3410.334         116.130   1.47e-026    1.0000
     8  F81+I+G           1650.014      18        3416.751         122.547   5.95e-028    1.0000
     5  F81               1659.878      16        3423.511         129.306   2.03e-029    1.0000
     2  JC+I              1673.111      14        3437.007         142.803   2.38e-032    1.0000
     3  JC+G              1673.134      14        3437.053         142.849   2.32e-032    1.0000
     4  JC+I+G            1673.111      15        3443.492         149.287   9.29e-034    1.0000
     1  JC                1682.358      13        3449.016         154.811   5.87e-035    1.0000

Command to set TIM2+I model chosen by AIC would be:

  lset nst=6 rclass=(abacdc) rmatrix=(12.294613 174.65795 12.294613 1 77.174033) basefreq=(0.25577179 0.2905658 0.15351004) pinv=0.69474281;

Command to set TPM2uf+G model chosen by BIC would be:

  lset nst=6 rclass=(abacbc) rmatrix=(15.91904 107.1979 15.91904 1 107.1979) basefreq=(0.25459716 0.28714623 0.16262566) rates=gamma shape=0.16634692;

Applying command to set TIM2+I model chosen by AICc:

paup> lset nst=6 rclass=(abacdc) rmatrix=(12.294613 174.65795 12.294613 1 77.174033) basefreq=(0.25577179 0.2905658 0.15351004) pinv=0.69474281;

Time used for model selection = 20.09 sec (CPU time = 14.75 sec)

paup> log stop;
